2024-08-24 16:17:53 [info] Config - Configuration loaded successfully
2024-08-24 16:17:54 [info] Application - Server is running on port 3001
2024-08-24 16:17:54 [info] Application - Data Source has been initialized!
2024-08-24 16:21:56 [info] Config - Configuration loaded successfully
2024-08-24 16:21:57 [info] Application - Server is running on port 3001
2024-08-24 16:21:57 [info] Application - Data Source has been initialized!
2024-08-24 16:23:33 [info] Config - Configuration loaded successfully
2024-08-24 16:23:33 [info] Application - Server is running on port 3001
2024-08-24 16:23:33 [info] Application - Data Source has been initialized!
2024-08-24 16:24:09 [info] Config - Configuration loaded successfully
2024-08-24 16:24:09 [info] Application - Server is running on port 3001
2024-08-24 16:24:10 [info] Application - Data Source has been initialized!
2024-08-24 16:25:31 [error] Application - Error in registerUser: relation "user" does not exist
2024-08-24 16:36:30 [info] Config - Configuration loaded successfully
2024-08-24 16:36:31 [info] Application - Server is running on port 3001
2024-08-24 16:36:50 [error] Application - Error in registerUser: relation "user" does not exist
2024-08-24 16:51:55 [info] Config - Configuration loaded successfully
2024-08-24 16:51:56 [info] Application - Server is running on port 3001
2024-08-24 16:54:11 [info] Application - Authorization Header:
2024-08-24 16:54:11 [info] Application - authMiddleware: Checking authentication
2024-08-24 16:54:11 [info] Application - Extracted Token:
2024-08-24 16:54:11 [info] Application - Token verified successfully. User ID:
2024-08-24 16:54:11 [info] Application - adminAllowedMiddleware: Checking admin permissions
2024-08-24 16:54:12 [info] Application - Authorization Header:
2024-08-24 16:54:12 [info] Application - authMiddleware: Checking authentication
2024-08-24 16:54:12 [info] Application - Extracted Token:
2024-08-24 16:54:12 [info] Application - Token verified successfully. User ID:
2024-08-24 16:54:12 [info] Application - adminAllowedMiddleware: Checking admin permissions
2024-08-24 16:55:06 [info] Application - Authorization Header:
2024-08-24 16:55:06 [info] Application - authMiddleware: Checking authentication
2024-08-24 16:55:06 [error] Application - Authorization header is missing or does not start with "Bearer "
2024-08-24 16:56:00 [info] Application - Authorization Header:
2024-08-24 16:56:00 [info] Application - authMiddleware: Checking authentication
2024-08-24 16:56:00 [error] Application - Authorization header is missing or does not start with "Bearer "
2024-08-24 16:56:05 [info] Application - Authorization Header:
2024-08-24 16:56:05 [info] Application - authMiddleware: Checking authentication
2024-08-24 16:56:05 [error] Application - Authorization header is missing or does not start with "Bearer "
2024-08-24 16:58:29 [info] Config - Configuration loaded successfully
2024-08-24 16:58:29 [info] Application - Server is running on port 3001
2024-08-24 16:59:21 [info] Config - Configuration loaded successfully
2024-08-24 16:59:21 [info] Application - Server is running on port 3001
2024-08-24 16:59:23 [info] Config - Configuration loaded successfully
2024-08-24 16:59:23 [info] Application - Server is running on port 3001
2024-08-24 16:59:28 [info] Config - Configuration loaded successfully
2024-08-24 16:59:28 [info] Application - Server is running on port 3001
2024-08-24 16:59:38 [info] Config - Configuration loaded successfully
2024-08-24 16:59:38 [info] Application - Server is running on port 3001
2024-08-24 17:21:35 [info] Config - Configuration loaded successfully
2024-08-24 17:21:35 [info] Application - Server is running on port 3001
2024-08-24 17:23:08 [info] Config - Configuration loaded successfully
2024-08-24 17:23:08 [info] Application - Server is running on port 3001
2024-08-24 17:23:19 [info] Config - Configuration loaded successfully
2024-08-24 17:23:19 [info] Application - Server is running on port 3001
2024-08-24 17:23:43 [info] Config - Configuration loaded successfully
2024-08-24 17:23:43 [info] Application - Server is running on port 3001
2024-08-24 17:23:51 [info] Config - Configuration loaded successfully
2024-08-24 17:23:51 [info] Application - Server is running on port 3001
2024-08-24 17:25:08 [info] Config - Configuration loaded successfully
2024-08-24 17:25:08 [info] Application - Server is running on port 3001
2024-08-24 17:26:13 [info] Config - Configuration loaded successfully
2024-08-24 17:26:14 [info] Application - Server is running on port 3001
2024-08-24 17:26:26 [info] Config - Configuration loaded successfully
2024-08-24 17:26:26 [info] Application - Server is running on port 3001
2024-08-24 17:26:30 [info] Config - Configuration loaded successfully
2024-08-24 17:26:30 [info] Application - Server is running on port 3001
2024-08-24 17:26:39 [info] Config - Configuration loaded successfully
2024-08-24 17:26:39 [info] Application - Server is running on port 3001
2024-08-24 17:27:40 [info] Config - Configuration loaded successfully
2024-08-24 17:27:41 [info] Application - Server is running on port 3001
2024-08-24 17:29:31 [info] Application - Authorization Header:
2024-08-24 17:29:31 [info] Application - authMiddleware: Checking authentication
2024-08-24 17:29:31 [error] Application - Authorization header is missing or does not start with "Bearer "
2024-08-24 17:29:51 [info] Application - Authorization Header:
2024-08-24 17:29:51 [info] Application - authMiddleware: Checking authentication
2024-08-24 17:29:51 [info] Application - Extracted Token:
2024-08-24 17:29:51 [info] Application - Token verified successfully. User ID:
2024-08-24 17:30:11 [info] Application - Authorization Header:
2024-08-24 17:30:11 [info] Application - authMiddleware: Checking authentication
2024-08-24 17:30:11 [info] Application - Extracted Token:
2024-08-24 17:30:11 [info] Application - Token verified successfully. User ID:
2024-08-24 17:30:11 [info] Application - adminAllowedMiddleware: Checking admin permissions
2024-08-24 17:30:48 [info] Application - Authorization Header:
2024-08-24 17:30:48 [info] Application - authMiddleware: Checking authentication
2024-08-24 17:30:48 [info] Application - Extracted Token:
2024-08-24 17:30:48 [info] Application - Token verified successfully. User ID:
2024-08-24 17:30:56 [info] Application - Authorization Header:
2024-08-24 17:30:56 [info] Application - authMiddleware: Checking authentication
2024-08-24 17:30:56 [info] Application - Extracted Token:
2024-08-24 17:30:56 [info] Application - Token verified successfully. User ID:
2024-08-24 17:31:12 [info] Application - Authorization Header:
2024-08-24 17:31:12 [info] Application - authMiddleware: Checking authentication
2024-08-24 17:31:12 [info] Application - Extracted Token:
2024-08-24 17:31:12 [info] Application - Token verified successfully. User ID:
2024-08-24 17:31:12 [info] Application - adminAllowedMiddleware: Checking admin permissions
2024-08-24 17:32:09 [info] Application - Authorization Header:
2024-08-24 17:32:09 [info] Application - authMiddleware: Checking authentication
2024-08-24 17:32:09 [info] Application - Extracted Token:
2024-08-24 17:32:09 [info] Application - Token verified successfully. User ID:
2024-08-24 17:32:25 [info] Application - Authorization Header:
2024-08-24 17:32:25 [info] Application - authMiddleware: Checking authentication
2024-08-24 17:32:25 [info] Application - Extracted Token:
2024-08-24 17:32:25 [info] Application - Token verified successfully. User ID:
2024-08-24 17:32:32 [info] Application - Authorization Header:
2024-08-24 17:32:32 [info] Application - authMiddleware: Checking authentication
2024-08-24 17:32:32 [info] Application - Extracted Token:
2024-08-24 17:32:32 [info] Application - Token verified successfully. User ID:
2024-08-24 17:32:41 [info] Application - Authorization Header:
2024-08-24 17:32:41 [info] Application - authMiddleware: Checking authentication
2024-08-24 17:32:41 [info] Application - Extracted Token:
2024-08-24 17:32:41 [info] Application - Token verified successfully. User ID:
2024-08-24 17:33:43 [info] Config - Configuration loaded successfully
2024-08-24 17:33:43 [info] Application - Server is running on port 3001
2024-08-24 17:33:47 [info] Config - Configuration loaded successfully
2024-08-24 17:33:47 [info] Application - Server is running on port 3001
2024-08-24 17:35:03 [info] Application - Authorization Header:
2024-08-24 17:35:03 [info] Application - authMiddleware: Checking authentication
2024-08-24 17:35:03 [info] Application - Extracted Token:
2024-08-24 17:35:03 [info] Application - Token verified successfully. User ID:
2024-08-24 17:38:13 [info] Application - Authorization Header:
2024-08-24 17:38:13 [info] Application - authMiddleware: Checking authentication
2024-08-24 17:38:13 [info] Application - Extracted Token:
2024-08-24 17:38:13 [info] Application - Token verified successfully. User ID:
2024-08-24 17:38:24 [info] Application - Authorization Header:
2024-08-24 17:38:24 [info] Application - authMiddleware: Checking authentication
2024-08-24 17:38:24 [info] Application - Extracted Token:
2024-08-24 17:38:24 [info] Application - Token verified successfully. User ID:
2024-08-24 17:38:35 [info] Application - Authorization Header:
2024-08-24 17:38:35 [info] Application - authMiddleware: Checking authentication
2024-08-24 17:38:35 [info] Application - Extracted Token:
2024-08-24 17:38:35 [info] Application - Token verified successfully. User ID:
2024-08-24 17:38:41 [info] Application - Authorization Header:
2024-08-24 17:38:41 [info] Application - authMiddleware: Checking authentication
2024-08-24 17:38:41 [info] Application - Extracted Token:
2024-08-24 17:38:41 [info] Application - Token verified successfully. User ID:
2024-08-24 17:38:49 [info] Application - Authorization Header:
2024-08-24 17:38:49 [info] Application - authMiddleware: Checking authentication
2024-08-24 17:38:49 [info] Application - Extracted Token:
2024-08-24 17:38:49 [info] Application - Token verified successfully. User ID:
2024-08-24 17:39:30 [info] Config - Configuration loaded successfully
2024-08-24 17:39:30 [info] Application - Server is running on port 3001
2024-08-24 17:41:35 [info] Config - Configuration loaded successfully
2024-08-24 17:41:35 [info] Application - Server is running on port 3001
2024-08-24 17:41:56 [info] Application - Authorization Header:
2024-08-24 17:41:56 [info] Application - authMiddleware: Checking authentication
2024-08-24 17:41:56 [info] Application - Extracted Token:
2024-08-24 17:41:56 [info] Application - Token verified successfully. User ID:
2024-08-24 17:42:02 [info] Application - Authorization Header:
2024-08-24 17:42:02 [info] Application - authMiddleware: Checking authentication
2024-08-24 17:42:02 [info] Application - Extracted Token:
2024-08-24 17:42:02 [info] Application - Token verified successfully. User ID:
2024-08-24 17:44:44 [info] Config - Configuration loaded successfully
2024-08-24 17:44:44 [info] Application - Server is running on port 3001
2024-08-24 17:44:49 [info] Config - Configuration loaded successfully
2024-08-24 17:44:49 [info] Application - Server is running on port 3001
2024-08-24 17:47:22 [info] Config - Configuration loaded successfully
2024-08-24 17:47:22 [info] Application - Server is running on port 3001
2024-08-24 17:47:32 [info] Application - Authorization Header:
2024-08-24 17:47:32 [info] Application - authMiddleware: Checking authentication
2024-08-24 17:47:32 [info] Application - Extracted Token:
2024-08-24 17:47:32 [info] Application - Token verified successfully. User ID:
2024-08-24 17:47:40 [info] Application - Authorization Header:
2024-08-24 17:47:40 [info] Application - authMiddleware: Checking authentication
2024-08-24 17:47:40 [info] Application - Extracted Token:
2024-08-24 17:47:40 [info] Application - Token verified successfully. User ID:
2024-08-24 17:48:54 [info] Config - Configuration loaded successfully
2024-08-24 17:48:54 [info] Application - Server is running on port 3001
2024-08-24 17:49:03 [info] Application - Authorization Header:
2024-08-24 17:49:03 [info] Application - authMiddleware: Checking authentication
2024-08-24 17:49:03 [info] Application - Extracted Token:
2024-08-24 17:49:03 [info] Application - Token verified successfully. User ID:
2024-08-24 17:49:23 [info] Application - Authorization Header:
2024-08-24 17:49:23 [info] Application - authMiddleware: Checking authentication
2024-08-24 17:49:23 [error] Application - Authorization header is missing or does not start with "Bearer "
2024-08-24 17:50:16 [info] Application - Authorization Header:
2024-08-24 17:50:16 [info] Application - authMiddleware: Checking authentication
2024-08-24 17:50:16 [info] Application - Extracted Token:
2024-08-24 17:50:16 [info] Application - Token verified successfully. User ID:
2024-08-24 17:51:07 [info] Config - Configuration loaded successfully
2024-08-24 17:51:07 [info] Application - Server is running on port 3001
2024-08-24 17:51:13 [info] Application - Authorization Header:
2024-08-24 17:51:13 [info] Application - authMiddleware: Checking authentication
2024-08-24 17:51:13 [info] Application - Extracted Token:
2024-08-24 17:51:13 [info] Application - Token verified successfully. User ID:
2024-08-24 17:51:23 [info] Config - Configuration loaded successfully
2024-08-24 17:51:23 [info] Application - Server is running on port 3001
2024-08-24 17:51:44 [info] Config - Configuration loaded successfully
2024-08-24 17:51:44 [info] Application - Server is running on port 3001
2024-08-24 17:51:51 [info] Application - Authorization Header:
2024-08-24 17:51:51 [info] Application - authMiddleware: Checking authentication
2024-08-24 17:51:51 [info] Application - Extracted Token:
2024-08-24 17:51:51 [info] Application - Token verified successfully. User ID:
2024-08-24 17:51:59 [info] Application - Authorization Header:
2024-08-24 17:51:59 [info] Application - authMiddleware: Checking authentication
2024-08-24 17:51:59 [info] Application - Extracted Token:
2024-08-24 17:51:59 [info] Application - Token verified successfully. User ID:
2024-08-24 17:52:10 [info] Application - Authorization Header:
2024-08-24 17:52:10 [info] Application - authMiddleware: Checking authentication
2024-08-24 17:52:10 [info] Application - Extracted Token:
2024-08-24 17:52:10 [info] Application - Token verified successfully. User ID:
2024-08-24 19:47:36 [info] Config - Configuration loaded successfully
2024-08-24 19:47:36 [info] Application - Server is running on port 3001
2024-08-24 19:48:44 [info] Config - Configuration loaded successfully
2024-08-24 19:48:44 [info] Application - Server is running on port 3001
2024-08-24 19:49:50 [info] Config - Configuration loaded successfully
2024-08-24 19:49:50 [info] Application - Server is running on port 3001
2024-08-24 19:50:01 [info] Config - Configuration loaded successfully
2024-08-24 19:50:01 [info] Application - Server is running on port 3001
2024-08-24 19:50:09 [info] Config - Configuration loaded successfully
2024-08-24 19:50:09 [info] Application - Server is running on port 3001
2024-08-24 19:50:51 [info] Config - Configuration loaded successfully
2024-08-24 19:50:52 [info] Application - Server is running on port 3001
2024-08-24 19:51:29 [info] Config - Configuration loaded successfully
2024-08-24 19:51:29 [info] Application - Server is running on port 3001
2024-08-24 19:51:46 [info] Config - Configuration loaded successfully
2024-08-24 19:51:46 [info] Application - Server is running on port 3001
2024-08-24 19:52:04 [info] Config - Configuration loaded successfully
2024-08-24 19:52:05 [info] Application - Server is running on port 3001
2024-08-24 19:52:11 [info] Config - Configuration loaded successfully
2024-08-24 19:52:11 [info] Application - Server is running on port 3001
2024-08-24 19:52:14 [info] Config - Configuration loaded successfully
2024-08-24 19:52:14 [info] Application - Server is running on port 3001
2024-08-24 19:52:17 [info] Config - Configuration loaded successfully
2024-08-24 19:52:18 [info] Application - Server is running on port 3001
2024-08-24 19:52:28 [info] Config - Configuration loaded successfully
2024-08-24 19:52:28 [info] Application - Server is running on port 3001
2024-08-24 19:52:46 [info] Config - Configuration loaded successfully
2024-08-24 19:52:46 [info] Application - Server is running on port 3001
2024-08-24 19:52:50 [info] Config - Configuration loaded successfully
2024-08-24 19:52:50 [info] Application - Server is running on port 3001
2024-08-24 19:52:58 [info] Config - Configuration loaded successfully
2024-08-24 19:52:58 [info] Application - Server is running on port 3001
2024-08-24 20:04:47 [info] Config - Configuration loaded successfully
2024-08-24 20:04:47 [info] Application - Server is running on port 3001
2024-08-24 20:04:51 [info] Config - Configuration loaded successfully
2024-08-24 20:04:52 [info] Application - Server is running on port 3001
2024-08-24 20:04:59 [info] Config - Configuration loaded successfully
2024-08-24 20:04:59 [info] Application - Server is running on port 3001
2024-08-24 20:05:04 [info] Config - Configuration loaded successfully
2024-08-24 20:05:04 [info] Application - Server is running on port 3001
2024-08-24 20:05:31 [info] Config - Configuration loaded successfully
2024-08-24 20:05:31 [info] Application - Server is running on port 3001
2024-08-24 20:05:50 [info] Config - Configuration loaded successfully
2024-08-24 20:05:50 [info] Application - Server is running on port 3001
2024-08-24 20:06:01 [info] Config - Configuration loaded successfully
2024-08-24 20:06:01 [info] Application - Server is running on port 3001
2024-08-24 20:06:17 [info] Config - Configuration loaded successfully
2024-08-24 20:06:17 [info] Application - Server is running on port 3001
2024-08-24 20:06:25 [info] Config - Configuration loaded successfully
2024-08-24 20:06:25 [info] Application - Server is running on port 3001
2024-08-24 20:06:36 [info] Config - Configuration loaded successfully
2024-08-24 20:06:36 [info] Application - Server is running on port 3001
2024-08-24 20:14:31 [info] Config - Configuration loaded successfully
2024-08-24 20:14:33 [info] Config - Configuration loaded successfully
2024-08-24 20:14:34 [info] Application - Server is running on port 3001
2024-08-24 20:15:01 [info] Config - Configuration loaded successfully
2024-08-24 20:15:01 [info] Application - Server is running on port 3001
2024-08-24 20:53:27 [info] Config - Configuration loaded successfully
2024-08-24 20:53:27 [info] Config - Configuration loaded successfully
2024-08-24 21:00:13 [info] Config - Configuration loaded successfully
2024-08-24 21:00:13 [info] Config - Configuration loaded successfully
2024-08-24 21:06:11 [info] Config - Configuration loaded successfully
2024-08-24 21:06:11 [info] Config - Configuration loaded successfully
2024-08-24 21:06:12 [error] Application - Error in registerUser: No metadata for "User" was found.
2024-08-24 21:20:53 [info] Application - Server is running on port 3001
2024-08-24 21:35:43 [info] Config - Configuration loaded successfully
2024-08-24 21:35:41 [info] Config - Configuration loaded successfully
2024-08-24 21:35:42 [info] Config - Configuration loaded successfully
2024-08-24 21:35:36 [info] Config - Configuration loaded successfully
2024-08-24 21:35:36 [info] Config - Configuration loaded successfully
2024-08-24 21:36:00 [error] Application - Error in registerUser: "expiresIn" should be a number of seconds or string representing a timespan eg: "1d", "20h", 60
2024-08-24 21:35:36 [info] Config - Configuration loaded successfully
2024-08-24 21:35:36 [info] Config - Configuration loaded successfully
2024-08-24 21:36:00 [info] Config - Configuration loaded successfully
2024-08-24 21:36:02 [info] Config - Configuration loaded successfully
2024-08-24 21:36:10 [error] Application - Error in registerUser: No metadata for "User" was found.
